0 silly argv {
0 silly argv   _: [ 'publish' ],
0 silly argv   composed: 'publish',
0 silly argv   lernaVersion: '5.6.2',
0 silly argv   '$0': '/usr/local/bin/lerna',
0 silly argv   bump: 'from-package'
0 silly argv }
1 notice cli v5.6.2
2 verbose rootPath /Users/xiexihai/works/xxh/xxh-packages
3 verbose session c4d62d0fe23e9682
4 verbose user-agent lerna/5.6.2/node@v17.0.1+x64 (darwin)
5 verbose git-describe undefined => "v0.0.11-1-g0473c4e"
6 silly git-describe parsed => {"lastTagName":"v0.0.11","lastVersion":"v0.0.11","refCount":"1","sha":"0473c4e","isDirty":false}
7 silly getUnpublishedPackages
8 warn Unable to determine published version, assuming "@xxh/aui" unpublished.
9 warn Unable to determine published version, assuming "@xxh/tools" unpublished.
10 info publish Publishing packages to npm...
11 silly getCurrentSHA
12 verbose getCurrentSHA 0473c4e0873ffab5e251c6d84a35aa2fbaf6e8a5
13 silly lifecycle No script for "prepublish" in "xxh-packages", continuing
14 silly lifecycle No script for "prepare" in "xxh-packages", continuing
15 silly lifecycle No script for "prepublishOnly" in "xxh-packages", continuing
16 silly lifecycle No script for "prepack" in "xxh-packages", continuing
17 verbose pack-directory packages/tools
18 silly lifecycle No script for "prepublish" in "@xxh/tools", continuing
19 silly lifecycle No script for "prepare" in "@xxh/tools", continuing
20 silly lifecycle No script for "prepublishOnly" in "@xxh/tools", continuing
21 silly lifecycle No script for "prepack" in "@xxh/tools", continuing
22 silly lifecycle No script for "postpack" in "@xxh/tools", continuing
23 verbose packed packages/tools
24 verbose pack-directory packages/aui
25 silly lifecycle No script for "prepublish" in "@xxh/aui", continuing
26 silly lifecycle No script for "prepare" in "@xxh/aui", continuing
27 silly lifecycle No script for "prepublishOnly" in "@xxh/aui", continuing
28 silly lifecycle No script for "prepack" in "@xxh/aui", continuing
29 silly lifecycle No script for "postpack" in "@xxh/aui", continuing
30 verbose packed packages/aui
31 silly lifecycle No script for "postpack" in "xxh-packages", continuing
32 verbose publish @xxh/tools
33 silly FetchError: request to https://registry.npmjs.org/@xxh%2ftools failed, reason: Client network socket disconnected before secure TLS connection was established
33 silly     at ClientRequest.<anonymous> (/Users/xiexihai/works/xxh/xxh-packages/node_modules/minipass-fetch/lib/index.js:130:14)
33 silly     at ClientRequest.emit (node:events:390:28)
33 silly     at TLSSocket.socketErrorListener (node:_http_client:447:9)
33 silly     at TLSSocket.emit (node:events:402:35)
33 silly     at emitErrorNT (node:internal/streams/destroy:164:8)
33 silly     at emitErrorCloseNT (node:internal/streams/destroy:129:3)
33 silly     at processTicksAndRejections (node:internal/process/task_queues:83:21)
33 silly  FetchError: request to https://registry.npmjs.org/@xxh%2ftools failed, reason: Client network socket disconnected before secure TLS connection was established
33 silly     at ClientRequest.<anonymous> (/Users/xiexihai/works/xxh/xxh-packages/node_modules/minipass-fetch/lib/index.js:130:14)
33 silly     at ClientRequest.emit (node:events:390:28)
33 silly     at TLSSocket.socketErrorListener (node:_http_client:447:9)
33 silly     at TLSSocket.emit (node:events:402:35)
33 silly     at emitErrorNT (node:internal/streams/destroy:164:8)
33 silly     at emitErrorCloseNT (node:internal/streams/destroy:129:3)
33 silly     at processTicksAndRejections (node:internal/process/task_queues:83:21) {
33 silly   code: 'ECONNRESET',
33 silly   path: null,
33 silly   host: 'registry.npmjs.org',
33 silly   port: 443,
33 silly   localAddress: undefined,
33 silly   errno: 'ECONNRESET',
33 silly   type: 'system'
33 silly }
34 error ECONNRESET request to https://registry.npmjs.org/@xxh%2ftools failed, reason: Client network socket disconnected before secure TLS connection was established
35 error FetchError: request to https://registry.npmjs.org/@xxh%2ftools failed, reason: Client network socket disconnected before secure TLS connection was established
35 error     at ClientRequest.<anonymous> (/Users/xiexihai/works/xxh/xxh-packages/node_modules/minipass-fetch/lib/index.js:130:14)
35 error     at ClientRequest.emit (node:events:390:28)
35 error     at TLSSocket.socketErrorListener (node:_http_client:447:9)
35 error     at TLSSocket.emit (node:events:402:35)
35 error     at emitErrorNT (node:internal/streams/destroy:164:8)
35 error     at emitErrorCloseNT (node:internal/streams/destroy:129:3)
